#
# There is insufficient memory for the Java Runtime Environment to continue.
# Native memory allocation (malloc) failed to allocate 1048576 bytes for AllocateHeap
# Possible reasons:
#   The system is out of physical RAM or swap space
#   The process is running with CompressedOops enabled, and the Java Heap may be blocking the growth of the native heap
# Possible solutions:
#   Reduce memory load on the system
#   Increase physical memory or swap space
#   Check if swap backing store is full
#   Decrease Java heap size (-Xmx/-Xms)
#   Decrease number of Java threads
#   Decrease Java thread stack sizes (-Xss)
#   Set larger code cache with -XX:ReservedCodeCacheSize=
# This output file may be truncated or incomplete.
#
#  Out of Memory Error (./src/hotspot/share/memory/allocation.cpp:46), pid=4416, tid=8536
#
# JRE version:  (11.0.10+9) (build )
# Java VM: Dynamic Code Evolution 64-Bit Server VM (11.0.10+9-b1341.41, mixed mode, sharing, tiered, compressed oops, g1 gc, windows-amd64)
# No core dump will be written. Minidumps are not enabled by default on client versions of Windows
#

---------------  S U M M A R Y ------------

Command Line: org.jetbrains.git4idea.http.GitAskPassApp Username for 'https://github.com': 

Host: Intel(R) Core(TM) i5-8250U CPU @ 1.60GHz, 8 cores, 7G,  Windows 10 , 64 bit Build 19041 (10.0.19041.1348)
Time: Mon Dec  6 16:37:42 2021 Eastern Standard Time elapsed time: 0.031318 seconds (0d 0h 0m 0s)

---------------  T H R E A D  ---------------

Current thread (0x000002742d95e000):  JavaThread "Unknown thread" [_thread_in_vm, id=8536, stack(0x000000fbc3c00000,0x000000fbc3d00000)]

Stack: [0x000000fbc3c00000,0x000000fbc3d00000]
Native frames: (J=compiled Java code, j=interpreted, Vv=VM code, C=native code)
V  [jvm.dll+0x5f84fa]
V  [jvm.dll+0x77e085]
V  [jvm.dll+0x77f5dd]
V  [jvm.dll+0x77fc93]
V  [jvm.dll+0x2457e8]
V  [jvm.dll+0xb4b54]
V  [jvm.dll+0x2e3da7]
V  [jvm.dll+0x2dce1a]
V  [jvm.dll+0x75c4d7]
V  [jvm.dll+0x75dd6c]
V  [jvm.dll+0x35cdb9]
V  [jvm.dll+0x73fc9e]
V  [jvm.dll+0x3c5663]
V  [jvm.dll+0x3c7a21]
C  [jli.dll+0x5373]
C  [ucrtbase.dll+0x21bb2]
C  [KERNEL32.DLL+0x17034]
C  [ntdll.dll+0x52651]


---------------  P R O C E S S  ---------------

Threads class SMR info:
_java_thread_list=0x000002742b77ce90, length=0, elements={
}

Java Threads: ( => current thread )

Other Threads:
  0x000002742d976800 GCTaskThread "GC Thread#0" [stack: 0x000000fbc3d00000,0x000000fbc3e00000] [id=7500]

[error occurred during error reporting (printing all threads), id 0xc0000005, EXCEPTION_ACCESS_VIOLATION (0xc0000005) at pc=0x00007ffa805f9180]

VM state:not at safepoint (not fully initialized)

VM Mutex/Monitor currently owned by a thread:  ([mutex/lock_event])
[0x000002742d95a1f0] Heap_lock - owner thread: 0x000002742d95e000

Heap address: 0x0000000081400000, size: 2028 MB, Compressed Oops mode: Non-zero based: 0x0000000081400000
Narrow klass base: 0x0000000000000000, Narrow klass shift: 0

GC Heap History (0 events):
No events

Deoptimization events (0 events):
No events

Classes redefined (0 events):
No events

Internal exceptions (0 events):
No events

Events (1 events):
Event: 0.018 Loaded shared library C:\Program Files\JetBrains\IntelliJ IDEA Community Edition 2021.1.1\jbr\bin\zip.dll


Dynamic libraries:
0x00007ff614c10000 - 0x00007ff614c1a000 	C:\Program Files\JetBrains\IntelliJ IDEA Community Edition 2021.1.1\jbr\bin\java.exe
0x00007ffaca110000 - 0x00007ffaca305000 	C:\WINDOWS\SYSTEM32\ntdll.dll
0x00007ffaca010000 - 0x00007ffaca0ce000 	C:\WINDOWS\System32\KERNEL32.DLL
0x00007ffac78d0000 - 0x00007ffac7b98000 	C:\WINDOWS\System32\KERNELBASE.dll
0x00007ffac7e90000 - 0x00007ffac7f90000 	C:\WINDOWS\System32\ucrtbase.dll
0x00007ffab8a00000 - 0x00007ffab8a19000 	C:\Program Files\JetBrains\IntelliJ IDEA Community Edition 2021.1.1\jbr\bin\jli.dll
0x00007ffaac920000 - 0x00007ffaac937000 	C:\Program Files\JetBrains\IntelliJ IDEA Community Edition 2021.1.1\jbr\bin\VCRUNTIME140.dll
0x00007ffac82f0000 - 0x00007ffac8491000 	C:\WINDOWS\System32\USER32.dll
0x00007ffac7ba0000 - 0x00007ffac7bc2000 	C:\WINDOWS\System32\win32u.dll
0x00007ffac89a0000 - 0x00007ffac89cb000 	C:\WINDOWS\System32\GDI32.dll
0x00007ffac7d30000 - 0x00007ffac7e3b000 	C:\WINDOWS\System32\gdi32full.dll
0x00007ffac7830000 - 0x00007ffac78cd000 	C:\WINDOWS\System32\msvcp_win.dll
0x00007ffaa7ef0000 - 0x00007ffaa818a000 	C:\WINDOWS\WinSxS\amd64_microsoft.windows.common-controls_6595b64144ccf1df_6.0.19041.1110_none_60b5254171f9507e\COMCTL32.dll
0x00007ffac9e90000 - 0x00007ffac9f2e000 	C:\WINDOWS\System32\msvcrt.dll
0x00007ffac89d0000 - 0x00007ffac8a00000 	C:\WINDOWS\System32\IMM32.DLL
0x00007ffaa5850000 - 0x00007ffaa58ed000 	C:\Program Files\JetBrains\IntelliJ IDEA Community Edition 2021.1.1\jbr\bin\msvcp140.dll
0x00007ffa80310000 - 0x00007ffa80e5f000 	C:\Program Files\JetBrains\IntelliJ IDEA Community Edition 2021.1.1\jbr\bin\server\jvm.dll
0x00007ffac8160000 - 0x00007ffac820c000 	C:\WINDOWS\System32\ADVAPI32.dll
0x00007ffac99f0000 - 0x00007ffac9a8b000 	C:\WINDOWS\System32\sechost.dll
0x00007ffac8a70000 - 0x00007ffac8b9a000 	C:\WINDOWS\System32\RPCRT4.dll
0x00007ffac82e0000 - 0x00007ffac82e8000 	C:\WINDOWS\System32\PSAPI.DLL
0x00007ffabf490000 - 0x00007ffabf49a000 	C:\WINDOWS\SYSTEM32\VERSION.dll
0x00007ffab0390000 - 0x00007ffab0399000 	C:\WINDOWS\SYSTEM32\WSOCK32.dll
0x00007ffac8bb0000 - 0x00007ffac8c1b000 	C:\WINDOWS\System32\WS2_32.dll
0x00007ffab4b10000 - 0x00007ffab4b37000 	C:\WINDOWS\SYSTEM32\WINMM.dll
0x00007ffac5710000 - 0x00007ffac5722000 	C:\WINDOWS\SYSTEM32\kernel.appcore.dll
0x00007ffab7040000 - 0x00007ffab7051000 	C:\Program Files\JetBrains\IntelliJ IDEA Community Edition 2021.1.1\jbr\bin\verify.dll
0x00007ffab74d0000 - 0x00007ffab76b4000 	C:\WINDOWS\SYSTEM32\DBGHELP.DLL
0x00007ffab4220000 - 0x00007ffab424c000 	C:\WINDOWS\SYSTEM32\dbgcore.DLL
0x00007ffac80d0000 - 0x00007ffac8153000 	C:\WINDOWS\System32\bcryptPrimitives.dll
0x00007ffab7010000 - 0x00007ffab7039000 	C:\Program Files\JetBrains\IntelliJ IDEA Community Edition 2021.1.1\jbr\bin\java.dll
0x00007ffac3530000 - 0x00007ffac353b000 	C:\Program Files\JetBrains\IntelliJ IDEA Community Edition 2021.1.1\jbr\bin\jimage.dll
0x00007ffab6c30000 - 0x00007ffab6c48000 	C:\Program Files\JetBrains\IntelliJ IDEA Community Edition 2021.1.1\jbr\bin\zip.dll

dbghelp: loaded successfully - version: 4.0.5 - missing functions: none
symbol engine: initialized successfully - sym options: 0x614 - pdb path: .;C:\Program Files\JetBrains\IntelliJ IDEA Community Edition 2021.1.1\jbr\bin;C:\WINDOWS\SYSTEM32;C:\WINDOWS\WinSxS\amd64_microsoft.windows.common-controls_6595b64144ccf1df_6.0.19041.1110_none_60b5254171f9507e;C:\Program Files\JetBrains\IntelliJ IDEA Community Edition 2021.1.1\jbr\bin\server

VM Arguments:
java_command: org.jetbrains.git4idea.http.GitAskPassApp Username for 'https://github.com': 
java_class_path (initial): C:/Program Files/JetBrains/IntelliJ IDEA Community Edition 2021.1.1/plugins/git4idea/lib/git4idea-rt.jar;C:/Program Files/JetBrains/IntelliJ IDEA Community Edition 2021.1.1/lib/xmlrpc-2.0.1.jar;C:/Program Files/JetBrains/IntelliJ IDEA Community Edition 2021.1.1/lib/commons-codec-1.15.jar
Launcher Type: SUN_STANDARD

[Global flags]
     intx CICompilerCount                          = 4                                         {product} {ergonomic}
     uint ConcGCThreads                            = 2                                         {product} {ergonomic}
     uint G1ConcRefinementThreads                  = 8                                         {product} {ergonomic}
   size_t G1HeapRegionSize                         = 1048576                                   {product} {ergonomic}
    uintx GCDrainStackTargetSize                   = 64                                        {product} {ergonomic}
   size_t InitialHeapSize                          = 134217728                                 {product} {ergonomic}
   size_t MarkStackSize                            = 4194304                                   {product} {ergonomic}
   size_t MaxHeapSize                              = 2126512128                                {product} {ergonomic}
   size_t MinHeapDeltaBytes                        = 1048576                                   {product} {ergonomic}
    uintx NonNMethodCodeHeapSize                   = 5836300                                {pd product} {ergonomic}
    uintx NonProfiledCodeHeapSize                  = 122910970                              {pd product} {ergonomic}
    uintx ProfiledCodeHeapSize                     = 122910970                              {pd product} {ergonomic}
    uintx ReservedCodeCacheSize                    = 251658240                              {pd product} {ergonomic}
     bool SegmentedCodeCache                       = true                                      {product} {ergonomic}
     bool UseCompressedClassPointers               = true                                 {lp64_product} {ergonomic}
     bool UseCompressedOops                        = true                                 {lp64_product} {ergonomic}
     bool UseG1GC                                  = true                                      {product} {ergonomic}
     bool UseLargePagesIndividualAllocation        = false                                  {pd product} {ergonomic}

Logging:
Log output configuration:
 #0: stdout all=warning uptime,level,tags
 #1: stderr all=off uptime,level,tags

Environment Variables:
JAVA_HOME=C:\Program Files\Java\jdk-11.0.11
PATH=C:/Program Files/Git/mingw64/libexec/git-core;C:/Program Files/Git/mingw64/libexec/git-core;C:\Program Files\Git\mingw64\bin;C:\Program Files\Git\usr\bin;C:\Users\camer\bin;C:\Program Files\Common Files\Oracle\Java\javapath;C:\WINDOWS\system32;C:\WINDOWS;C:\WINDOWS\System32\Wbem;C:\WINDOWS\System32\WindowsPowerShell\v1.0\;C:\WINDOWS\System32\OpenSSH\;C:\Program Files\dotnet\;C:\Program Files\Microsoft SQL Server\130\Tools\Binn\;C:\Program Files\Microsoft SQL Server\Client SDK\ODBC\170\Tools\Binn\;C:\Program Files\Git\cmd;C:\Program Files\MongoDB\Server\5.0\bin;C:\Program Files\apache-maven-3.8.4\bin;C:\Program Files\nodejs\;C:\Program Files\PuTTY\;C:\Users\camer\.elan\bin;C:\Users\camer\AppData\Local\Programs\Python\Python39\Scripts\;C:\Users\camer\AppData\Local\Programs\Python\Python39\;C:\Users\camer\AppData\Local\Microsoft\WindowsApps;C:\Users\camer\AppData\Local\Programs\Microsoft VS Code\bin;C:\Users\camer\spicetify-cli;C:\Users\camer\AppData\Local\atom\bin;C:\Users\camer\.dotnet\tools;C:\Program Files\MySQL\MySQL Server 8.0\bin;C:\Users\camer\AppData\Local\GitHubDesktop\bin;C:\Program Files\MongoDB\Server\5.0\bin;C:\Users\camer\AppData\Roaming\npm
USERNAME=camer
DISPLAY=:0.0
LC_ALL=en_US.UTF-8
OS=Windows_NT
PROCESSOR_IDENTIFIER=Intel64 Family 6 Model 142 Stepping 10, GenuineIntel



---------------  S Y S T E M  ---------------

OS: Windows 10 , 64 bit Build 19041 (10.0.19041.1348)
OS uptime: 0 days 0:33 hours

CPU:total 8 (initial active 8) (4 cores per cpu, 2 threads per core) family 6 model 142 stepping 10 microcode 0xe8, cmov, cx8, fxsr, mmx, sse, sse2, sse3, ssse3, sse4.1, sse4.2, popcnt, avx, avx2, aes, clmul, erms, 3dnowpref, lzcnt, ht, tsc, tscinvbit, bmi1, bmi2, adx, fma

Memory: 4k page, system-wide physical 8108M (72M free)
TotalPageFile size 32684M (AvailPageFile size 6M)
current process WorkingSet (physical memory assigned to process): 9M, peak: 9M
current process commit charge ("private bytes"): 58M, peak: 59M

vm_info: Dynamic Code Evolution 64-Bit Server VM (11.0.10+9-b1341.41) for windows-amd64 JRE (11.0.10+9-b1341.41), built on Apr 17 2021 07:18:15 by "" with MS VC++ 14.0 (VS2015)

END.
